<?xml version="1.0" encoding="UTF-8"?>
<!-- Generated by org.testng.reporters.JUnitReportReporter -->
<testsuite hostname="192-168-1-110.tpgi.com.au" failures="0" tests="2" name="tests.UserCreation" time="43.350" errors="0" timestamp="2022-03-07T10:30:45 AEDT" skipped="0">
  <testcase classname="tests.UserCreation" name="loginTest" time="43.329"/>
  <system-out/>
  <testcase classname="tests.UserCreation" name="setup" time="0.021"/>
  <system-out/>
</testsuite> <!-- tests.UserCreation -->
